<?xml version="1.0" encoding="UTF-8"?><testsuites failures="51" name="dependency-check" tests="8"><testsuite failures="1" errors="0" time="0" id="0" name="/home/riashivani9/.m2/repository/org/apache/commons/commons-collections4/4.0/commons-collections4-4.0.jar" package="commons-collections4-4.0.jar" skipped="0" tests="1" timestamp="2024-12-23T05:40:18.312758801"><testcase classname="CVE-2015-6420" name="pkg:maven/org.apache.commons/commons-collections4@4.0"><failure message="cvssV2: HIGH, score: 7.5 (/AV:N/AC:L/Au:N/C:P/I:P/A:P)"/><system-out>Serialized-object interfaces in certain Cisco Collaboration and Social Media; Endpoint Clients and Client Software; Network Application, Service, and Acceleration; Network and Content Security Devices; Network Management and Provisioning; Routing and Switching - Enterprise and Service Provider; Unified Computing; Voice and Unified Communications Devices; Video, Streaming, TelePresence, and Transcoding Devices; Wireless; and Cisco Hosted Services products allow remote attackers to execute arbitrary commands via a crafted serialized Java object, related to the Apache Commons Collections (ACC) library.</system-out><system-err>location: /home/riashivani9/.m2/repository/org/apache/commons/commons-collections4/4.0/commons-collections4-4.0.jar, project-references: [ demo:compile ]</system-err></testcase></testsuite><testsuite failures="0" errors="0" time="0" id="1" name="/home/riashivani9/.m2/repository/com/fasterxml/jackson/core/jackson-core/2.13.3/jackson-core-2.13.3.jar" package="jackson-core-2.13.3.jar" skipped="0" tests="1" timestamp="2024-12-23T05:40:18.312758801"><testcase classname="dependency-check" name="jackson-core-2.13.3.jar"/></testsuite><testsuite failures="1" errors="0" time="0" id="2" name="/home/riashivani9/.m2/repository/com/fasterxml/jackson/core/jackson-databind/2.15.0/jackson-databind-2.15.0.jar" package="jackson-databind-2.15.0.jar" skipped="0" tests="1" timestamp="2024-12-23T05:40:18.312758801"><testcase classname="CVE-2023-35116" name="pkg:maven/com.fasterxml.jackson.core/jackson-databind@2.15.0"><failure message="cvssV3: MEDIUM, score: 4.7 (CVSS:3.1/AV:L/AC:H/PR:L/UI:N/S:U/C:N/I:N/A:H/E:1.0/RC:R/MAV:A)"/><system-out>jackson-databind through 2.15.2 allows attackers to cause a denial of service or other unspecified impact via a crafted object that uses cyclic dependencies. NOTE: the vendor&apos;s perspective is that this is not a valid vulnerability report, because the steps of constructing a cyclic data structure and trying to serialize it cannot be achieved by an external attacker.</system-out><system-err>location: /home/riashivani9/.m2/repository/com/fasterxml/jackson/core/jackson-databind/2.15.0/jackson-databind-2.15.0.jar, project-references: [ demo:compile ]</system-err></testcase></testsuite><testsuite failures="0" errors="0" time="0" id="3" name="/home/riashivani9/.m2/repository/com/fasterxml/jackson/datatype/jackson-datatype-jsr310/2.15.0/jackson-datatype-jsr310-2.15.0.jar" package="jackson-datatype-jsr310-2.15.0.jar" skipped="0" tests="1" timestamp="2024-12-23T05:40:18.312758801"><testcase classname="dependency-check" name="jackson-datatype-jsr310-2.15.0.jar"/></testsuite><testsuite failures="0" errors="0" time="0" id="4" name="/home/riashivani9/.m2/repository/jakarta/annotation/jakarta.annotation-api/1.3.5/jakarta.annotation-api-1.3.5.jar" package="jakarta.annotation-api-1.3.5.jar" skipped="0" tests="1" timestamp="2024-12-23T05:40:18.312758801"><testcase classname="dependency-check" name="jakarta.annotation-api-1.3.5.jar"/></testsuite><testsuite failures="0" errors="0" time="0" id="5" name="/home/riashivani9/.m2/repository/org/slf4j/jul-to-slf4j/1.7.36/jul-to-slf4j-1.7.36.jar" package="jul-to-slf4j-1.7.36.jar" skipped="0" tests="1" timestamp="2024-12-23T05:40:18.312758801"><testcase classname="dependency-check" name="jul-to-slf4j-1.7.36.jar"/></testsuite><testsuite failures="0" errors="0" time="0" id="6" name="/home/riashivani9/.m2/repository/org/apache/logging/log4j/log4j-api/2.17.2/log4j-api-2.17.2.jar" package="log4j-api-2.17.2.jar" skipped="0" tests="1" timestamp="2024-12-23T05:40:18.312758801"><testcase classname="dependency-check" name="log4j-api-2.17.2.jar"/></testsuite><testsuite failures="0" errors="0" time="0" id="7" name="/home/riashivani9/.m2/repository/org/apache/logging/log4j/log4j-to-slf4j/2.17.2/log4j-to-slf4j-2.17.2.jar" package="log4j-to-slf4j-2.17.2.jar" skipped="0" tests="1" timestamp="2024-12-23T05:40:18.312758801"><testcase classname="dependency-check" name="log4j-to-slf4j-2.17.2.jar"/></testsuite><testsuite failures="1" errors="0" time="0" id="8" name="/home/riashivani9/.m2/repository/ch/qos/logback/logback-classic/1.2.11/logback-classic-1.2.11.jar" package="logback-classic-1.2.11.jar" skipped="0" tests="1" timestamp="2024-12-23T05:40:18.312758801"><testcase classname="CVE-2023-6378" name="pkg:maven/ch.qos.logback/logback-classic@1.2.11"><failure message="cvssV3: HIGH, score: 7.5 (CVSS:3.1/AV:N/AC:L/PR:N/UI:N/S:U/C:N/I:N/A:H/E:3.9/RC:R/MAV:A)"/><system-out>A serialization vulnerability in logback receiver component part of 
logback version 1.4.11 allows an attacker to mount a Denial-Of-Service 
attack by sending poisoned data.

</system-out><system-err>location: /home/riashivani9/.m2/repository/ch/qos/logback/logback-classic/1.2.11/logback-classic-1.2.11.jar, project-references: [ demo:compile ]</system-err></testcase></testsuite><testsuite failures="3" errors="0" time="0" id="9" name="/home/riashivani9/.m2/repository/ch/qos/logback/logback-core/1.2.11/logback-core-1.2.11.jar" package="logback-core-1.2.11.jar" skipped="0" tests="3" timestamp="2024-12-23T05:40:18.312758801"><testcase classname="CVE-2023-6378" name="pkg:maven/ch.qos.logback/logback-core@1.2.11"><failure message="cvssV3: HIGH, score: 7.5 (CVSS:3.1/AV:N/AC:L/PR:N/UI:N/S:U/C:N/I:N/A:H/E:3.9/RC:R/MAV:A)"/><system-out>A serialization vulnerability in logback receiver component part of 
logback version 1.4.11 allows an attacker to mount a Denial-Of-Service 
attack by sending poisoned data.

</system-out><system-err>location: /home/riashivani9/.m2/repository/ch/qos/logback/logback-core/1.2.11/logback-core-1.2.11.jar, project-references: [ demo:compile ]</system-err></testcase><testcase classname="CVE-2024-12798" name="pkg:maven/ch.qos.logback/logback-core@1.2.11"><failure message="cvssV2: MEDIUM, score: 5.900000095367432 (CVSS:4.0/AV:L/AC:L/AT:P/PR:L/UI:P/VC:L/VI:H/VA:L/SC:L/SI:H/SA:L)"/><system-out>ACE vulnerability in JaninoEventEvaluator  by QOS.CH logback-core
      upto and including version 1.5.12 in Java applications allows
      attacker to execute arbitrary code by compromising an existing
      logback configuration file or by injecting an environment variable
      before program execution.





Malicious logback configuration files can allow the attacker to execute 
arbitrary code using the JaninoEventEvaluator extension.



A successful attack requires the user to have write access to a 
configuration file. Alternatively, the attacker could inject a malicious 
environment variable pointing to a malicious configuration file. In both 
cases, the attack requires existing privilege.</system-out><system-err>location: /home/riashivani9/.m2/repository/ch/qos/logback/logback-core/1.2.11/logback-core-1.2.11.jar, project-references: [ demo:compile ]</system-err></testcase><testcase classname="CVE-2024-12801" name="pkg:maven/ch.qos.logback/logback-core@1.2.11"><failure message="cvssV2: LOW, score: 2.4000000953674316 (CVSS:4.0/AV:L/AC:L/AT:P/PR:L/UI:P/VC:L/VI:N/VA:L/SC:H/SI:H/SA:H)"/><system-out>Server-Side Request Forgery (SSRF) in SaxEventRecorder by QOS.CH logback version 1.5.12 on the Java platform, allows an attacker to 
forge requests by compromising logback configuration files in XML.



The attacks involves the modification of DOCTYPE declaration in  XML configuration files.

Sonatype&apos;s research suggests that this CVE&apos;s details differ from those defined at NVD. See https://ossindex.sonatype.org/vulnerability/CVE-2024-12801 for details</system-out><system-err>location: /home/riashivani9/.m2/repository/ch/qos/logback/logback-core/1.2.11/logback-core-1.2.11.jar, project-references: [ demo:compile ]</system-err></testcase></testsuite><testsuite failures="0" errors="0" time="0" id="10" name="/home/riashivani9/.m2/repository/org/slf4j/slf4j-api/1.7.36/slf4j-api-1.7.36.jar" package="slf4j-api-1.7.36.jar" skipped="0" tests="1" timestamp="2024-12-23T05:40:18.312758801"><testcase classname="dependency-check" name="slf4j-api-1.7.36.jar"/></testsuite><testsuite failures="7" errors="0" time="0" id="11" name="/home/riashivani9/.m2/repository/org/yaml/snakeyaml/1.30/snakeyaml-1.30.jar" package="snakeyaml-1.30.jar" skipped="0" tests="7" timestamp="2024-12-23T05:40:18.312758801"><testcase classname="CVE-2022-1471" name="pkg:maven/org.yaml/snakeyaml@1.30"><failure message="cvssV3: CRITICAL, score: 9.8 (CVSS:3.1/AV:N/AC:L/PR:N/UI:N/S:U/C:H/I:H/A:H/E:3.9/RC:R/MAV:A)"/><system-out>SnakeYaml&apos;s Constructor() class does not restrict types which can be instantiated during deserialization. Deserializing yaml content provided by an attacker can lead to remote code execution. We recommend using SnakeYaml&apos;s SafeConsturctor when parsing untrusted content to restrict deserialization. We recommend upgrading to version 2.0 and beyond.
</system-out><system-err>location: /home/riashivani9/.m2/repository/org/yaml/snakeyaml/1.30/snakeyaml-1.30.jar, project-references: [ demo:compile ]</system-err></testcase><testcase classname="CVE-2022-25857" name="pkg:maven/org.yaml/snakeyaml@1.30"><failure message="cvssV3: HIGH, score: 7.5 (CVSS:3.1/AV:N/AC:L/PR:N/UI:N/S:U/C:N/I:N/A:H/E:3.9/RC:R/MAV:A)"/><system-out>The package org.yaml:snakeyaml from 0 and before 1.31 are vulnerable to Denial of Service (DoS) due missing to nested depth limitation for collections.</system-out><system-err>location: /home/riashivani9/.m2/repository/org/yaml/snakeyaml/1.30/snakeyaml-1.30.jar, project-references: [ demo:compile ]</system-err></testcase><testcase classname="CVE-2022-38749" name="pkg:maven/org.yaml/snakeyaml@1.30"><failure message="cvssV3: MEDIUM, score: 6.5 (CVSS:3.1/AV:N/AC:L/PR:L/UI:N/S:U/C:N/I:N/A:H/E:2.8/RC:R/MAV:A)"/><system-out>Using snakeYAML to parse untrusted YAML files may be vulnerable to Denial of Service attacks (DOS). If the parser is running on user supplied input, an attacker may supply content that causes the parser to crash by stackoverflow.</system-out><system-err>location: /home/riashivani9/.m2/repository/org/yaml/snakeyaml/1.30/snakeyaml-1.30.jar, project-references: [ demo:compile ]</system-err></testcase><testcase classname="CVE-2022-38751" name="pkg:maven/org.yaml/snakeyaml@1.30"><failure message="cvssV3: MEDIUM, score: 6.5 (CVSS:3.1/AV:N/AC:L/PR:L/UI:N/S:U/C:N/I:N/A:H/E:2.8/RC:R/MAV:A)"/><system-out>Using snakeYAML to parse untrusted YAML files may be vulnerable to Denial of Service attacks (DOS). If the parser is running on user supplied input, an attacker may supply content that causes the parser to crash by stackoverflow.</system-out><system-err>location: /home/riashivani9/.m2/repository/org/yaml/snakeyaml/1.30/snakeyaml-1.30.jar, project-references: [ demo:compile ]</system-err></testcase><testcase classname="CVE-2022-38752" name="pkg:maven/org.yaml/snakeyaml@1.30"><failure message="cvssV3: MEDIUM, score: 6.5 (CVSS:3.1/AV:N/AC:L/PR:L/UI:N/S:U/C:N/I:N/A:H/E:2.8/RC:R/MAV:A)"/><system-out>Using snakeYAML to parse untrusted YAML files may be vulnerable to Denial of Service attacks (DOS). If the parser is running on user supplied input, an attacker may supply content that causes the parser to crash by stack-overflow.</system-out><system-err>location: /home/riashivani9/.m2/repository/org/yaml/snakeyaml/1.30/snakeyaml-1.30.jar, project-references: [ demo:compile ]</system-err></testcase><testcase classname="CVE-2022-41854" name="pkg:maven/org.yaml/snakeyaml@1.30"><failure message="cvssV3: MEDIUM, score: 6.5 (CVSS:3.1/AV:N/AC:L/PR:N/UI:R/S:U/C:N/I:N/A:H/E:2.8/RC:R/MAV:A)"/><system-out>Those using Snakeyaml to parse untrusted YAML files may be vulnerable to Denial of Service attacks (DOS). If the parser is running on user supplied input, an attacker may supply content that causes the parser to crash by stack overflow. This effect may support a denial of service attack.</system-out><system-err>location: /home/riashivani9/.m2/repository/org/yaml/snakeyaml/1.30/snakeyaml-1.30.jar, project-references: [ demo:compile ]</system-err></testcase><testcase classname="CVE-2022-38750" name="pkg:maven/org.yaml/snakeyaml@1.30"><failure message="cvssV3: MEDIUM, score: 5.5 (CVSS:3.1/AV:L/AC:L/PR:N/UI:R/S:U/C:N/I:N/A:H/E:1.8/RC:R/MAV:A)"/><system-out>Using snakeYAML to parse untrusted YAML files may be vulnerable to Denial of Service attacks (DOS). If the parser is running on user supplied input, an attacker may supply content that causes the parser to crash by stackoverflow.</system-out><system-err>location: /home/riashivani9/.m2/repository/org/yaml/snakeyaml/1.30/snakeyaml-1.30.jar, project-references: [ demo:compile ]</system-err></testcase></testsuite><testsuite failures="3" errors="0" time="0" id="12" name="/home/riashivani9/.m2/repository/org/springframework/boot/spring-boot/2.7.0/spring-boot-2.7.0.jar" package="spring-boot-2.7.0.jar" skipped="0" tests="3" timestamp="2024-12-23T05:40:18.312758801"><testcase classname="CVE-2023-20873" name="pkg:maven/org.springframework.boot/spring-boot@2.7.0"><failure message="cvssV3: CRITICAL, score: 9.8 (CVSS:3.1/AV:N/AC:L/PR:N/UI:N/S:U/C:H/I:H/A:H/E:3.9/RC:R/MAV:A)"/><system-out>In Spring Boot versions 3.0.0 - 3.0.5, 2.7.0 - 2.7.10, and older unsupported versions, an application that is deployed to Cloud Foundry could be susceptible to a security bypass. Users of affected versions should apply the following mitigation: 3.0.x users should upgrade to 3.0.6+. 2.7.x users should upgrade to 2.7.11+. Users of older, unsupported versions should upgrade to 3.0.6+ or 2.7.11+.</system-out><system-err>location: /home/riashivani9/.m2/repository/org/springframework/boot/spring-boot/2.7.0/spring-boot-2.7.0.jar, project-references: [ demo:compile ]</system-err></testcase><testcase classname="CVE-2023-20883" name="pkg:maven/org.springframework.boot/spring-boot@2.7.0"><failure message="cvssV3: HIGH, score: 7.5 (CVSS:3.1/AV:N/AC:L/PR:N/UI:N/S:U/C:N/I:N/A:H/E:3.9/RC:R/MAV:A)"/><system-out>In Spring Boot versions 3.0.0 - 3.0.6, 2.7.0 - 2.7.11, 2.6.0 - 2.6.14, 2.5.0 - 2.5.14 and older unsupported versions, there is potential for a denial-of-service (DoS) attack if Spring MVC is used together with a reverse proxy cache.</system-out><system-err>location: /home/riashivani9/.m2/repository/org/springframework/boot/spring-boot/2.7.0/spring-boot-2.7.0.jar, project-references: [ demo:compile ]</system-err></testcase><testcase classname="CVE-2023-34055" name="pkg:maven/org.springframework.boot/spring-boot@2.7.0"><failure message="cvssV3: MEDIUM, score: 6.5 (CVSS:3.1/AV:N/AC:L/PR:L/UI:N/S:U/C:N/I:N/A:H/E:2.8/RC:R/MAV:A)"/><system-out>In Spring Boot versions 2.7.0 - 2.7.17, 3.0.0-3.0.12 and 3.1.0-3.1.5, it is possible for a user to provide specially crafted HTTP requests that may cause a denial-of-service (DoS) condition.

Specifically, an application is vulnerable when all of the following are true:

  *  the application uses Spring MVC or Spring WebFlux
  *  org.springframework.boot:spring-boot-actuator is on the classpath



</system-out><system-err>location: /home/riashivani9/.m2/repository/org/springframework/boot/spring-boot/2.7.0/spring-boot-2.7.0.jar, project-references: [ demo:compile ]</system-err></testcase></testsuite><testsuite failures="3" errors="0" time="0" id="13" name="/home/riashivani9/.m2/repository/org/springframework/boot/spring-boot-starter-web/2.7.0/spring-boot-starter-web-2.7.0.jar" package="spring-boot-starter-web-2.7.0.jar" skipped="0" tests="3" timestamp="2024-12-23T05:40:18.312758801"><testcase classname="CVE-2023-20873" name="pkg:maven/org.springframework.boot/spring-boot-starter-web@2.7.0"><failure message="cvssV3: CRITICAL, score: 9.8 (CVSS:3.1/AV:N/AC:L/PR:N/UI:N/S:U/C:H/I:H/A:H/E:3.9/RC:R/MAV:A)"/><system-out>In Spring Boot versions 3.0.0 - 3.0.5, 2.7.0 - 2.7.10, and older unsupported versions, an application that is deployed to Cloud Foundry could be susceptible to a security bypass. Users of affected versions should apply the following mitigation: 3.0.x users should upgrade to 3.0.6+. 2.7.x users should upgrade to 2.7.11+. Users of older, unsupported versions should upgrade to 3.0.6+ or 2.7.11+.</system-out><system-err>location: /home/riashivani9/.m2/repository/org/springframework/boot/spring-boot-starter-web/2.7.0/spring-boot-starter-web-2.7.0.jar, project-references: [ demo:compile ]</system-err></testcase><testcase classname="CVE-2023-20883" name="pkg:maven/org.springframework.boot/spring-boot-starter-web@2.7.0"><failure message="cvssV3: HIGH, score: 7.5 (CVSS:3.1/AV:N/AC:L/PR:N/UI:N/S:U/C:N/I:N/A:H/E:3.9/RC:R/MAV:A)"/><system-out>In Spring Boot versions 3.0.0 - 3.0.6, 2.7.0 - 2.7.11, 2.6.0 - 2.6.14, 2.5.0 - 2.5.14 and older unsupported versions, there is potential for a denial-of-service (DoS) attack if Spring MVC is used together with a reverse proxy cache.</system-out><system-err>location: /home/riashivani9/.m2/repository/org/springframework/boot/spring-boot-starter-web/2.7.0/spring-boot-starter-web-2.7.0.jar, project-references: [ demo:compile ]</system-err></testcase><testcase classname="CVE-2023-34055" name="pkg:maven/org.springframework.boot/spring-boot-starter-web@2.7.0"><failure message="cvssV3: MEDIUM, score: 6.5 (CVSS:3.1/AV:N/AC:L/PR:L/UI:N/S:U/C:N/I:N/A:H/E:2.8/RC:R/MAV:A)"/><system-out>In Spring Boot versions 2.7.0 - 2.7.17, 3.0.0-3.0.12 and 3.1.0-3.1.5, it is possible for a user to provide specially crafted HTTP requests that may cause a denial-of-service (DoS) condition.

Specifically, an application is vulnerable when all of the following are true:

  *  the application uses Spring MVC or Spring WebFlux
  *  org.springframework.boot:spring-boot-actuator is on the classpath



</system-out><system-err>location: /home/riashivani9/.m2/repository/org/springframework/boot/spring-boot-starter-web/2.7.0/spring-boot-starter-web-2.7.0.jar, project-references: [ demo:compile ]</system-err></testcase></testsuite><testsuite failures="4" errors="0" time="0" id="14" name="/home/riashivani9/.m2/repository/org/springframework/spring-core/5.3.20/spring-core-5.3.20.jar" package="spring-core-5.3.20.jar" skipped="0" tests="4" timestamp="2024-12-23T05:40:18.312758801"><testcase classname="CVE-2023-20860" name="pkg:maven/org.springframework/spring-core@5.3.20"><failure message="cvssV3: HIGH, score: 7.5 (CVSS:3.1/AV:N/AC:L/PR:N/UI:N/S:U/C:N/I:H/A:N/E:3.9/RC:R/MAV:A)"/><system-out>Spring Framework running version 6.0.0 - 6.0.6 or 5.3.0 - 5.3.25 using &quot;**&quot; as a pattern in Spring Security configuration with the mvcRequestMatcher creates a mismatch in pattern matching between Spring Security and Spring MVC, and the potential for a security bypass.</system-out><system-err>location: /home/riashivani9/.m2/repository/org/springframework/spring-core/5.3.20/spring-core-5.3.20.jar, project-references: [ demo:compile ]</system-err></testcase><testcase classname="CVE-2023-20861" name="pkg:maven/org.springframework/spring-core@5.3.20"><failure message="cvssV3: MEDIUM, score: 6.5 (CVSS:3.1/AV:N/AC:L/PR:L/UI:N/S:U/C:N/I:N/A:H/E:2.8/RC:R/MAV:A)"/><system-out>In Spring Framework versions 6.0.0 - 6.0.6, 5.3.0 - 5.3.25, 5.2.0.RELEASE - 5.2.22.RELEASE, and older unsupported versions, it is possible for a user to provide a specially crafted SpEL expression that may cause a denial-of-service (DoS) condition.</system-out><system-err>location: /home/riashivani9/.m2/repository/org/springframework/spring-core/5.3.20/spring-core-5.3.20.jar, project-references: [ demo:compile ]</system-err></testcase><testcase classname="CVE-2023-20863" name="pkg:maven/org.springframework/spring-core@5.3.20"><failure message="cvssV3: MEDIUM, score: 6.5 (CVSS:3.1/AV:N/AC:L/PR:L/UI:N/S:U/C:N/I:N/A:H/E:2.8/RC:R/MAV:A)"/><system-out>In spring framework versions prior to 5.2.24 release+ ,5.3.27+ and 6.0.8+ , it is possible for a user to provide a specially crafted SpEL expression that may cause a denial-of-service (DoS) condition.</system-out><system-err>location: /home/riashivani9/.m2/repository/org/springframework/spring-core/5.3.20/spring-core-5.3.20.jar, project-references: [ demo:compile ]</system-err></testcase><testcase classname="CVE-2024-38820" name="pkg:maven/org.springframework/spring-core@5.3.20"><failure message="cvssV3: MEDIUM, score: 5.3 (CVSS:3.1/AV:N/AC:L/PR:N/UI:N/S:U/C:N/I:L/A:N/E:3.9/RC:R/MAV:A)"/><system-out>The fix for CVE-2022-22968 made disallowedFields patterns in DataBinder case insensitive. However, String.toLowerCase() has some Locale dependent exceptions that could potentially result in fields not protected as expected.</system-out><system-err>location: /home/riashivani9/.m2/repository/org/springframework/spring-core/5.3.20/spring-core-5.3.20.jar, project-references: [ demo:compile ]</system-err></testcase></testsuite><testsuite failures="5" errors="0" time="0" id="15" name="/home/riashivani9/.m2/repository/org/springframework/spring-expression/5.3.20/spring-expression-5.3.20.jar" package="spring-expression-5.3.20.jar" skipped="0" tests="5" timestamp="2024-12-23T05:40:18.312758801"><testcase classname="CVE-2023-20860" name="pkg:maven/org.springframework/spring-expression@5.3.20"><failure message="cvssV3: HIGH, score: 7.5 (CVSS:3.1/AV:N/AC:L/PR:N/UI:N/S:U/C:N/I:H/A:N/E:3.9/RC:R/MAV:A)"/><system-out>Spring Framework running version 6.0.0 - 6.0.6 or 5.3.0 - 5.3.25 using &quot;**&quot; as a pattern in Spring Security configuration with the mvcRequestMatcher creates a mismatch in pattern matching between Spring Security and Spring MVC, and the potential for a security bypass.</system-out><system-err>location: /home/riashivani9/.m2/repository/org/springframework/spring-expression/5.3.20/spring-expression-5.3.20.jar, project-references: [ demo:compile ]</system-err></testcase><testcase classname="CVE-2023-20861" name="pkg:maven/org.springframework/spring-expression@5.3.20"><failure message="cvssV3: MEDIUM, score: 6.5 (CVSS:3.1/AV:N/AC:L/PR:L/UI:N/S:U/C:N/I:N/A:H/E:2.8/RC:R/MAV:A)"/><system-out>In Spring Framework versions 6.0.0 - 6.0.6, 5.3.0 - 5.3.25, 5.2.0.RELEASE - 5.2.22.RELEASE, and older unsupported versions, it is possible for a user to provide a specially crafted SpEL expression that may cause a denial-of-service (DoS) condition.</system-out><system-err>location: /home/riashivani9/.m2/repository/org/springframework/spring-expression/5.3.20/spring-expression-5.3.20.jar, project-references: [ demo:compile ]</system-err></testcase><testcase classname="CVE-2023-20863" name="pkg:maven/org.springframework/spring-expression@5.3.20"><failure message="cvssV3: MEDIUM, score: 6.5 (CVSS:3.1/AV:N/AC:L/PR:L/UI:N/S:U/C:N/I:N/A:H/E:2.8/RC:R/MAV:A)"/><system-out>In spring framework versions prior to 5.2.24 release+ ,5.3.27+ and 6.0.8+ , it is possible for a user to provide a specially crafted SpEL expression that may cause a denial-of-service (DoS) condition.</system-out><system-err>location: /home/riashivani9/.m2/repository/org/springframework/spring-expression/5.3.20/spring-expression-5.3.20.jar, project-references: [ demo:compile ]</system-err></testcase><testcase classname="CVE-2024-38808" name="pkg:maven/org.springframework/spring-expression@5.3.20"><failure message="cvssV2: MEDIUM, score: 5.300000190734863 (CVSS:4.0/AV:N/AC:L/AT:N/PR:N/UI:P/VC:N/VI:N/VA:L/SC:N/SI:N/SA:N)"/><system-out>In Spring Framework versions 5.3.0 - 5.3.38 and older unsupported versions, it is possible for a user to provide a specially crafted Spring Expression Language (SpEL) expression that may cause a denial of service (DoS) condition.

Specifically, an application is vulnerable when the following is true:

  *  The application evaluates user-supplied SpEL expressions.

Sonatype&apos;s research suggests that this CVE&apos;s details differ from those defined at NVD. See https://ossindex.sonatype.org/vulnerability/CVE-2024-38808 for details</system-out><system-err>location: /home/riashivani9/.m2/repository/org/springframework/spring-expression/5.3.20/spring-expression-5.3.20.jar, project-references: [ demo:compile ]</system-err></testcase><testcase classname="CVE-2024-38820" name="pkg:maven/org.springframework/spring-expression@5.3.20"><failure message="cvssV3: MEDIUM, score: 5.3 (CVSS:3.1/AV:N/AC:L/PR:N/UI:N/S:U/C:N/I:L/A:N/E:3.9/RC:R/MAV:A)"/><system-out>The fix for CVE-2022-22968 made disallowedFields patterns in DataBinder case insensitive. However, String.toLowerCase() has some Locale dependent exceptions that could potentially result in fields not protected as expected.</system-out><system-err>location: /home/riashivani9/.m2/repository/org/springframework/spring-expression/5.3.20/spring-expression-5.3.20.jar, project-references: [ demo:compile ]</system-err></testcase></testsuite><testsuite failures="9" errors="0" time="0" id="16" name="/home/riashivani9/.m2/repository/org/springframework/spring-web/5.3.20/spring-web-5.3.20.jar" package="spring-web-5.3.20.jar" skipped="0" tests="9" timestamp="2024-12-23T05:40:18.312758801"><testcase classname="CVE-2016-1000027" name="pkg:maven/org.springframework/spring-web@5.3.20"><failure message="cvssV3: CRITICAL, score: 9.8 (CVSS:3.1/AV:N/AC:L/PR:N/UI:N/S:U/C:H/I:H/A:H/E:3.9/RC:R/MAV:A)"/><system-out>Pivotal Spring Framework through 5.3.16 suffers from a potential remote code execution (RCE) issue if used for Java deserialization of untrusted data. Depending on how the library is implemented within a product, this issue may or not occur, and authentication may be required. NOTE: the vendor&apos;s position is that untrusted data is not an intended use case. The product&apos;s behavior will not be changed because some users rely on deserialization of trusted data.</system-out><system-err>location: /home/riashivani9/.m2/repository/org/springframework/spring-web/5.3.20/spring-web-5.3.20.jar, project-references: [ demo:compile ]</system-err></testcase><testcase classname="CVE-2024-38809" name="pkg:maven/org.springframework/spring-web@5.3.20"><failure message="cvssV2: HIGH, score: 8.699999809265137 (CVSS:4.0/AV:N/AC:L/AT:N/PR:N/UI:N/VC:N/VI:N/VA:H/SC:N/SI:N/SA:N)"/><system-out>Applications that parse ETags from &quot;If-Match&quot; or &quot;If-None-Match&quot; request headers are vulnerable to DoS attack.

Users of affected versions should upgrade to the corresponding fixed version.

Users of older, unsupported versions could enforce a size limit on &quot;If-Match&quot; and &quot;If-None-Match&quot; headers, e.g. through a Filter.</system-out><system-err>location: /home/riashivani9/.m2/repository/org/springframework/spring-web/5.3.20/spring-web-5.3.20.jar, project-references: [ demo:compile ]</system-err></testcase><testcase classname="CVE-2024-22243" name="pkg:maven/org.springframework/spring-web@5.3.20"><failure message="cvssV3: HIGH, score: 8.100000381469727 (CVSS:3.1/AV:N/AC:L/PR:N/UI:R/S:U/C:H/I:H/A:N)"/><system-out>Applications that use UriComponentsBuilder to parse an externally provided URL (e.g. through a query parameter) AND perform validation checks on the host of the parsed URL may be vulnerable to a  open redirect https://cwe.mitre.org/data/definitions/601.html  attack or to a SSRF attack if the URL is used after passing validation checks.


Sonatype&apos;s research suggests that this CVE&apos;s details differ from those defined at NVD. See https://ossindex.sonatype.org/vulnerability/CVE-2024-22243 for details</system-out><system-err>location: /home/riashivani9/.m2/repository/org/springframework/spring-web/5.3.20/spring-web-5.3.20.jar, project-references: [ demo:compile ]</system-err></testcase><testcase classname="CVE-2024-22262" name="pkg:maven/org.springframework/spring-web@5.3.20"><failure message="cvssV3: HIGH, score: 8.100000381469727 (CVSS:3.1/AV:N/AC:L/PR:N/UI:R/S:U/C:H/I:H/A:N)"/><system-out>Applications that use UriComponentsBuilder to parse an externally provided URL (e.g. through a query parameter) AND perform validation checks on the host of the parsed URL may be vulnerable to a  open redirect https://cwe.mitre.org/data/definitions/601.html  attack or to a SSRF attack if the URL is used after passing validation checks.

This is the same as  CVE-2024-22259 https://spring.io/security/cve-2024-22259  and  CVE-2024-22243 https://spring.io/security/cve-2024-22243 , but with different input.

</system-out><system-err>location: /home/riashivani9/.m2/repository/org/springframework/spring-web/5.3.20/spring-web-5.3.20.jar, project-references: [ demo:compile ]</system-err></testcase><testcase classname="CVE-2023-20860" name="pkg:maven/org.springframework/spring-web@5.3.20"><failure message="cvssV3: HIGH, score: 7.5 (CVSS:3.1/AV:N/AC:L/PR:N/UI:N/S:U/C:N/I:H/A:N/E:3.9/RC:R/MAV:A)"/><system-out>Spring Framework running version 6.0.0 - 6.0.6 or 5.3.0 - 5.3.25 using &quot;**&quot; as a pattern in Spring Security configuration with the mvcRequestMatcher creates a mismatch in pattern matching between Spring Security and Spring MVC, and the potential for a security bypass.</system-out><system-err>location: /home/riashivani9/.m2/repository/org/springframework/spring-web/5.3.20/spring-web-5.3.20.jar, project-references: [ demo:compile ]</system-err></testcase><testcase classname="CVE-2024-38828" name="pkg:maven/org.springframework/spring-web@5.3.20"><failure message="cvssV2: MEDIUM, score: 6.900000095367432 (CVSS:4.0/AV:N/AC:L/AT:N/PR:N/UI:N/VC:N/VI:N/VA:L/SC:N/SI:N/SA:N)"/><system-out>Spring MVC controller methods with an @RequestBody byte[] method parameter are vulnerable to a DoS attack.</system-out><system-err>location: /home/riashivani9/.m2/repository/org/springframework/spring-web/5.3.20/spring-web-5.3.20.jar, project-references: [ demo:compile ]</system-err></testcase><testcase classname="CVE-2023-20861" name="pkg:maven/org.springframework/spring-web@5.3.20"><failure message="cvssV3: MEDIUM, score: 6.5 (CVSS:3.1/AV:N/AC:L/PR:L/UI:N/S:U/C:N/I:N/A:H/E:2.8/RC:R/MAV:A)"/><system-out>In Spring Framework versions 6.0.0 - 6.0.6, 5.3.0 - 5.3.25, 5.2.0.RELEASE - 5.2.22.RELEASE, and older unsupported versions, it is possible for a user to provide a specially crafted SpEL expression that may cause a denial-of-service (DoS) condition.</system-out><system-err>location: /home/riashivani9/.m2/repository/org/springframework/spring-web/5.3.20/spring-web-5.3.20.jar, project-references: [ demo:compile ]</system-err></testcase><testcase classname="CVE-2023-20863" name="pkg:maven/org.springframework/spring-web@5.3.20"><failure message="cvssV3: MEDIUM, score: 6.5 (CVSS:3.1/AV:N/AC:L/PR:L/UI:N/S:U/C:N/I:N/A:H/E:2.8/RC:R/MAV:A)"/><system-out>In spring framework versions prior to 5.2.24 release+ ,5.3.27+ and 6.0.8+ , it is possible for a user to provide a specially crafted SpEL expression that may cause a denial-of-service (DoS) condition.</system-out><system-err>location: /home/riashivani9/.m2/repository/org/springframework/spring-web/5.3.20/spring-web-5.3.20.jar, project-references: [ demo:compile ]</system-err></testcase><testcase classname="CVE-2024-38820" name="pkg:maven/org.springframework/spring-web@5.3.20"><failure message="cvssV3: MEDIUM, score: 5.3 (CVSS:3.1/AV:N/AC:L/PR:N/UI:N/S:U/C:N/I:L/A:N/E:3.9/RC:R/MAV:A)"/><system-out>The fix for CVE-2022-22968 made disallowedFields patterns in DataBinder case insensitive. However, String.toLowerCase() has some Locale dependent exceptions that could potentially result in fields not protected as expected.</system-out><system-err>location: /home/riashivani9/.m2/repository/org/springframework/spring-web/5.3.20/spring-web-5.3.20.jar, project-references: [ demo:compile ]</system-err></testcase></testsuite><testsuite failures="5" errors="0" time="0" id="17" name="/home/riashivani9/.m2/repository/org/springframework/spring-webmvc/5.3.20/spring-webmvc-5.3.20.jar" package="spring-webmvc-5.3.20.jar" skipped="0" tests="5" timestamp="2024-12-23T05:40:18.312758801"><testcase classname="CVE-2024-38816" name="pkg:maven/org.springframework/spring-webmvc@5.3.20"><failure message="cvssV2: HIGH, score: 8.199999809265137 (CVSS:4.0/AV:N/AC:L/AT:P/PR:N/UI:N/VC:H/VI:N/VA:N/SC:N/SI:N/SA:N)"/><system-out>Applications serving static resources through the functional web frameworks WebMvc.fn or WebFlux.fn are vulnerable to path traversal attacks. An attacker can craft malicious HTTP requests and obtain any file on the file system that is also accessible to the process in which the Spring application is running.

Specifically, an application is vulnerable when both of the following are true:

  *  the web application uses RouterFunctions to serve static resources
  *  resource handling is explicitly configured with a FileSystemResource location


However, malicious requests are blocked and rejected when any of the following is true:

  *  the  Spring Security HTTP Firewall https://docs.spring.io/spring-security/reference/servlet/exploits/firewall.html  is in use
  *  the application runs on Tomcat or Jetty</system-out><system-err>location: /home/riashivani9/.m2/repository/org/springframework/spring-webmvc/5.3.20/spring-webmvc-5.3.20.jar, project-references: [ demo:compile ]</system-err></testcase><testcase classname="CVE-2023-20860" name="pkg:maven/org.springframework/spring-webmvc@5.3.20"><failure message="cvssV3: HIGH, score: 7.5 (CVSS:3.1/AV:N/AC:L/PR:N/UI:N/S:U/C:N/I:H/A:N/E:3.9/RC:R/MAV:A)"/><system-out>Spring Framework running version 6.0.0 - 6.0.6 or 5.3.0 - 5.3.25 using &quot;**&quot; as a pattern in Spring Security configuration with the mvcRequestMatcher creates a mismatch in pattern matching between Spring Security and Spring MVC, and the potential for a security bypass.</system-out><system-err>location: /home/riashivani9/.m2/repository/org/springframework/spring-webmvc/5.3.20/spring-webmvc-5.3.20.jar, project-references: [ demo:compile ]</system-err></testcase><testcase classname="CVE-2023-20861" name="pkg:maven/org.springframework/spring-webmvc@5.3.20"><failure message="cvssV3: MEDIUM, score: 6.5 (CVSS:3.1/AV:N/AC:L/PR:L/UI:N/S:U/C:N/I:N/A:H/E:2.8/RC:R/MAV:A)"/><system-out>In Spring Framework versions 6.0.0 - 6.0.6, 5.3.0 - 5.3.25, 5.2.0.RELEASE - 5.2.22.RELEASE, and older unsupported versions, it is possible for a user to provide a specially crafted SpEL expression that may cause a denial-of-service (DoS) condition.</system-out><system-err>location: /home/riashivani9/.m2/repository/org/springframework/spring-webmvc/5.3.20/spring-webmvc-5.3.20.jar, project-references: [ demo:compile ]</system-err></testcase><testcase classname="CVE-2023-20863" name="pkg:maven/org.springframework/spring-webmvc@5.3.20"><failure message="cvssV3: MEDIUM, score: 6.5 (CVSS:3.1/AV:N/AC:L/PR:L/UI:N/S:U/C:N/I:N/A:H/E:2.8/RC:R/MAV:A)"/><system-out>In spring framework versions prior to 5.2.24 release+ ,5.3.27+ and 6.0.8+ , it is possible for a user to provide a specially crafted SpEL expression that may cause a denial-of-service (DoS) condition.</system-out><system-err>location: /home/riashivani9/.m2/repository/org/springframework/spring-webmvc/5.3.20/spring-webmvc-5.3.20.jar, project-references: [ demo:compile ]</system-err></testcase><testcase classname="CVE-2024-38820" name="pkg:maven/org.springframework/spring-webmvc@5.3.20"><failure message="cvssV3: MEDIUM, score: 5.3 (CVSS:3.1/AV:N/AC:L/PR:N/UI:N/S:U/C:N/I:L/A:N/E:3.9/RC:R/MAV:A)"/><system-out>The fix for CVE-2022-22968 made disallowedFields patterns in DataBinder case insensitive. However, String.toLowerCase() has some Locale dependent exceptions that could potentially result in fields not protected as expected.</system-out><system-err>location: /home/riashivani9/.m2/repository/org/springframework/spring-webmvc/5.3.20/spring-webmvc-5.3.20.jar, project-references: [ demo:compile ]</system-err></testcase></testsuite><testsuite failures="9" errors="0" time="0" id="18" name="/home/riashivani9/.m2/repository/org/apache/tomcat/embed/tomcat-embed-core/9.0.63/tomcat-embed-core-9.0.63.jar" package="tomcat-embed-core-9.0.63.jar" skipped="0" tests="9" timestamp="2024-12-23T05:40:18.312758801"><testcase classname="CVE-2022-42252" name="pkg:maven/org.apache.tomcat.embed/tomcat-embed-core@9.0.63"><failure message="cvssV3: HIGH, score: 7.5 (CVSS:3.1/AV:N/AC:L/PR:N/UI:N/S:U/C:N/I:H/A:N/E:3.9/RC:R/MAV:A)"/><system-out>If Apache Tomcat 8.5.0 to 8.5.82, 9.0.0-M1 to 9.0.67, 10.0.0-M1 to 10.0.26 or 10.1.0-M1 to 10.1.0 was configured to ignore invalid HTTP headers via setting rejectIllegalHeader to false (the default for 8.5.x only), Tomcat did not reject a request containing an invalid Content-Length header making a request smuggling attack possible if Tomcat was located behind a reverse proxy that also failed to reject the request with the invalid header.</system-out><system-err>location: /home/riashivani9/.m2/repository/org/apache/tomcat/embed/tomcat-embed-core/9.0.63/tomcat-embed-core-9.0.63.jar, project-references: [ demo:compile ]</system-err></testcase><testcase classname="CVE-2022-45143" name="pkg:maven/org.apache.tomcat.embed/tomcat-embed-core@9.0.63"><failure message="cvssV3: HIGH, score: 7.5 (CVSS:3.1/AV:N/AC:L/PR:N/UI:N/S:U/C:N/I:H/A:N/E:3.9/RC:R/MAV:A)"/><system-out>The JsonErrorReportValve in Apache Tomcat 8.5.83, 9.0.40 to 9.0.68 and 10.1.0-M1 to 10.1.1 did not escape the type, message or description values. In some circumstances these are constructed from user provided data and it was therefore possible for users to supply values that invalidated or manipulated the JSON output.</system-out><system-err>location: /home/riashivani9/.m2/repository/org/apache/tomcat/embed/tomcat-embed-core/9.0.63/tomcat-embed-core-9.0.63.jar, project-references: [ demo:compile ]</system-err></testcase><testcase classname="CVE-2023-44487" name="pkg:maven/org.apache.tomcat.embed/tomcat-embed-core@9.0.63"><failure message="cvssV3: HIGH, score: 7.5 (CVSS:3.1/AV:N/AC:L/PR:N/UI:N/S:U/C:N/I:N/A:H/E:3.9/RC:R/MAV:A)"/><system-out>The HTTP/2 protocol allows a denial of service (server resource consumption) because request cancellation can reset many streams quickly, as exploited in the wild in August through October 2023.</system-out><system-err>location: /home/riashivani9/.m2/repository/org/apache/tomcat/embed/tomcat-embed-core/9.0.63/tomcat-embed-core-9.0.63.jar, project-references: [ demo:compile ]</system-err></testcase><testcase classname="CVE-2023-46589" name="pkg:maven/org.apache.tomcat.embed/tomcat-embed-core@9.0.63"><failure message="cvssV3: HIGH, score: 7.5 (CVSS:3.1/AV:N/AC:L/PR:N/UI:N/S:U/C:N/I:H/A:N/E:3.9/RC:R/MAV:A)"/><system-out>Improper Input Validation vulnerability in Apache Tomcat.Tomcat from 11.0.0-M1 through 11.0.0-M10, from 10.1.0-M1 through 10.1.15, from 9.0.0-M1 through 9.0.82 and from 8.5.0 through 8.5.95 did not correctly parse HTTP trailer headers. A trailer header that exceeded the header size limit could cause Tomcat to treat a single 
request as multiple requests leading to the possibility of request 
smuggling when behind a reverse proxy.

Users are recommended to upgrade to version 11.0.0-M11 onwards, 10.1.16 onwards, 9.0.83 onwards or 8.5.96 onwards, which fix the issue.

</system-out><system-err>location: /home/riashivani9/.m2/repository/org/apache/tomcat/embed/tomcat-embed-core/9.0.63/tomcat-embed-core-9.0.63.jar, project-references: [ demo:compile ]</system-err></testcase><testcase classname="CVE-2022-34305" name="pkg:maven/org.apache.tomcat.embed/tomcat-embed-core@9.0.63"><failure message="cvssV3: MEDIUM, score: 6.1 (CVSS:3.1/AV:N/AC:L/PR:N/UI:R/S:C/C:L/I:L/A:N/E:2.8/RC:R/MAV:A)"/><system-out>In Apache Tomcat 10.1.0-M1 to 10.1.0-M16, 10.0.0-M1 to 10.0.22, 9.0.30 to 9.0.64 and 8.5.50 to 8.5.81 the Form authentication example in the examples web application displayed user provided data without filtering, exposing a XSS vulnerability.</system-out><system-err>location: /home/riashivani9/.m2/repository/org/apache/tomcat/embed/tomcat-embed-core/9.0.63/tomcat-embed-core-9.0.63.jar, project-references: [ demo:compile ]</system-err></testcase><testcase classname="CVE-2023-41080" name="pkg:maven/org.apache.tomcat.embed/tomcat-embed-core@9.0.63"><failure message="cvssV3: MEDIUM, score: 6.1 (CVSS:3.1/AV:N/AC:L/PR:N/UI:R/S:C/C:L/I:L/A:N/E:2.8/RC:R/MAV:A)"/><system-out>URL Redirection to Untrusted Site (&apos;Open Redirect&apos;) vulnerability in FORM authentication feature Apache Tomcat.This issue affects Apache Tomcat: from 11.0.0-M1 through 11.0.0-M10, from 10.1.0-M1 through 10.0.12, from 9.0.0-M1 through 9.0.79 and from 8.5.0 through 8.5.92.

The vulnerability is limited to the ROOT (default) web application.</system-out><system-err>location: /home/riashivani9/.m2/repository/org/apache/tomcat/embed/tomcat-embed-core/9.0.63/tomcat-embed-core-9.0.63.jar, project-references: [ demo:compile ]</system-err></testcase><testcase classname="CVE-2023-42795" name="pkg:maven/org.apache.tomcat.embed/tomcat-embed-core@9.0.63"><failure message="cvssV3: MEDIUM, score: 5.3 (CVSS:3.1/AV:N/AC:L/PR:N/UI:N/S:U/C:L/I:N/A:N/E:3.9/RC:R/MAV:A)"/><system-out>Incomplete Cleanup vulnerability in Apache Tomcat.When recycling various internal objects in Apache Tomcat from 11.0.0-M1 through 11.0.0-M11, from 10.1.0-M1 through 10.1.13, from 9.0.0-M1 through 9.0.80 and from 8.5.0 through 8.5.93, an error could 
cause Tomcat to skip some parts of the recycling process leading to 
information leaking from the current request/response to the next.

Users are recommended to upgrade to version 11.0.0-M12 onwards, 10.1.14 onwards, 9.0.81 onwards or 8.5.94 onwards, which fixes the issue.

</system-out><system-err>location: /home/riashivani9/.m2/repository/org/apache/tomcat/embed/tomcat-embed-core/9.0.63/tomcat-embed-core-9.0.63.jar, project-references: [ demo:compile ]</system-err></testcase><testcase classname="CVE-2023-45648" name="pkg:maven/org.apache.tomcat.embed/tomcat-embed-core@9.0.63"><failure message="cvssV3: MEDIUM, score: 5.3 (CVSS:3.1/AV:N/AC:L/PR:N/UI:N/S:U/C:N/I:L/A:N/E:3.9/RC:R/MAV:A)"/><system-out>Improper Input Validation vulnerability in Apache Tomcat.Tomcat from 11.0.0-M1 through 11.0.0-M11, from 10.1.0-M1 through 10.1.13, from 9.0.0-M1 through 9.0.81 and from 8.5.0 through 8.5.93 did not correctly parse HTTP trailer headers. A specially 
crafted, invalid trailer header could cause Tomcat to treat a single 
request as multiple requests leading to the possibility of request 
smuggling when behind a reverse proxy.

Users are recommended to upgrade to version 11.0.0-M12 onwards, 10.1.14 onwards, 9.0.81 onwards or 8.5.94 onwards, which fix the issue.

</system-out><system-err>location: /home/riashivani9/.m2/repository/org/apache/tomcat/embed/tomcat-embed-core/9.0.63/tomcat-embed-core-9.0.63.jar, project-references: [ demo:compile ]</system-err></testcase><testcase classname="CVE-2023-28708" name="pkg:maven/org.apache.tomcat.embed/tomcat-embed-core@9.0.63"><failure message="cvssV3: MEDIUM, score: 4.3 (CVSS:3.1/AV:N/AC:L/PR:N/UI:R/S:U/C:L/I:N/A:N/E:2.8/RC:R/MAV:A)"/><system-out>
When using the RemoteIpFilter with requests received from a    reverse proxy via HTTP that include the X-Forwarded-Proto    header set to https, session cookies created by Apache Tomcat 11.0.0-M1 to 11.0.0.-M2, 10.1.0-M1 to 10.1.5, 9.0.0-M1 to 9.0.71 and 8.5.0 to 8.5.85 did not include the secure attribute. This could result in the user agent transmitting the session cookie over an insecure channel.







</system-out><system-err>location: /home/riashivani9/.m2/repository/org/apache/tomcat/embed/tomcat-embed-core/9.0.63/tomcat-embed-core-9.0.63.jar, project-references: [ demo:compile ]</system-err></testcase></testsuite><testsuite failures="0" errors="0" time="0" id="19" name="/home/riashivani9/.m2/repository/org/apache/tomcat/embed/tomcat-embed-el/9.0.63/tomcat-embed-el-9.0.63.jar" package="tomcat-embed-el-9.0.63.jar" skipped="0" tests="1" timestamp="2024-12-23T05:40:18.312758801"><testcase classname="dependency-check" name="tomcat-embed-el-9.0.63.jar"/></testsuite></testsuites>